[debug] [2018-09-19T09:30:02.281Z] ----------------------------------------------------------------------
[debug] [2018-09-19T09:30:02.283Z] Command:       /usr/local/bin/node /usr/local/bin/firebase init
[debug] [2018-09-19T09:30:02.283Z] CLI Version:   4.2.1
[debug] [2018-09-19T09:30:02.284Z] Platform:      darwin
[debug] [2018-09-19T09:30:02.284Z] Node Version:  v8.11.4
[debug] [2018-09-19T09:30:02.284Z] Time:          Wed Sep 19 2018 15:00:02 GMT+0530 (IST)
[debug] [2018-09-19T09:30:02.284Z] ----------------------------------------------------------------------
[debug] 
[debug] [2018-09-19T09:30:02.290Z] > command requires scopes: ["email","openid","https://www.googleapis.com/auth/cloudplatformprojects.readonly","https://www.googleapis.com/auth/firebase"]
[debug] [2018-09-19T09:30:02.291Z] > authorizing via signed-in user
[info] 
     🔥🔥🔥🔥🔥🔥🔥🔥 🔥🔥🔥🔥 🔥🔥🔥🔥🔥🔥🔥🔥  🔥🔥🔥🔥🔥🔥🔥🔥 🔥🔥🔥🔥🔥🔥🔥🔥     🔥🔥🔥     🔥🔥🔥🔥🔥🔥  🔥🔥🔥🔥🔥🔥🔥🔥
     🔥🔥        🔥🔥  🔥🔥     🔥🔥 🔥🔥       🔥🔥     🔥🔥  🔥🔥   🔥🔥  🔥🔥       🔥🔥
     🔥🔥🔥🔥🔥🔥    🔥🔥  🔥🔥🔥🔥🔥🔥🔥🔥  🔥🔥🔥🔥🔥🔥   🔥🔥🔥🔥🔥🔥🔥🔥  🔥🔥🔥🔥🔥🔥🔥🔥🔥  🔥🔥🔥🔥🔥🔥  🔥🔥🔥🔥🔥🔥
     🔥🔥        🔥🔥  🔥🔥    🔥🔥  🔥🔥       🔥🔥     🔥🔥 🔥🔥     🔥🔥       🔥🔥 🔥🔥
     🔥🔥       🔥🔥🔥🔥 🔥🔥     🔥🔥 🔥🔥🔥🔥🔥🔥🔥🔥 🔥🔥🔥🔥🔥🔥🔥🔥  🔥🔥     🔥🔥  🔥🔥🔥🔥🔥🔥  🔥🔥🔥🔥🔥🔥🔥🔥

You're about to initialize a Firebase project in this directory:

  /Users/ao/Documents/Dev Lab/ShoeStore-Pwa

[info] 
=== Project Setup
[info] 
[info] First, let's associate this project directory with a Firebase project.
[info] You can create multiple project aliases by running firebase use --add, 
[info] but for now we'll just set up a default project.
[info] 
[debug] [2018-09-19T09:30:25.384Z] > refreshing access token with scopes: ["email","https://www.googleapis.com/auth/cloudplatformprojects.readonly","https://www.googleapis.com/auth/firebase","openid"]
[debug] [2018-09-19T09:30:25.384Z] >>> HTTP REQUEST POST https://www.googleapis.com/oauth2/v3/token  

[debug] [2018-09-19T09:30:25.774Z] <<< HTTP RESPONSE 200
[debug] [2018-09-19T09:30:25.823Z] >>> HTTP REQUEST GET https://admin.firebase.com/v1/projects  
 
[debug] [2018-09-19T09:30:29.638Z] <<< HTTP RESPONSE 200
[info] 
=== Hosting Setup
[info] 
[info] Your public directory is the folder (relative to your project directory) that
[info] will contain Hosting assets to be uploaded with firebase deploy. If you
[info] have a build process for your assets, use your build's output directory.
[info] 
[debug] [2018-09-19T09:31:21.988Z] Error: EACCES: permission denied, open '/Users/ao/Documents/Dev Lab/ShoeStore-Pwa/dist/404.html'
    at Object.fs.openSync (fs.js:646:18)
    at Object.fs.writeFileSync (fs.js:1299:33)
    at Object.createFileSync (/usr/local/lib/node_modules/firebase-tools/node_modules/fs-extra/lib/ensure/file.js:34:6)
    at Config.writeProjectFile (/usr/local/lib/node_modules/firebase-tools/lib/config.js:194:6)
    at /usr/local/lib/node_modules/firebase-tools/lib/config.js:214:12
    at <anonymous>
    at process._tickDomainCallback (internal/process/next_tick.js:228:7)
[error] 
[error] Error: An unexpected error has occurred.
[debug] [2018-09-19T09:31:30.360Z] ----------------------------------------------------------------------
[debug] [2018-09-19T09:31:30.362Z] Command:       /usr/local/bin/node /usr/local/bin/firebase init
[debug] [2018-09-19T09:31:30.362Z] CLI Version:   4.2.1
[debug] [2018-09-19T09:31:30.362Z] Platform:      darwin
[debug] [2018-09-19T09:31:30.362Z] Node Version:  v8.11.4
[debug] [2018-09-19T09:31:30.363Z] Time:          Wed Sep 19 2018 15:01:30 GMT+0530 (IST)
[debug] [2018-09-19T09:31:30.363Z] ----------------------------------------------------------------------
[debug] 
[debug] [2018-09-19T09:31:30.372Z] > command requires scopes: ["email","openid","https://www.googleapis.com/auth/cloudplatformprojects.readonly","https://www.googleapis.com/auth/firebase"]
[debug] [2018-09-19T09:31:30.373Z] > authorizing via signed-in user
[info] 
     🔥🔥🔥🔥🔥🔥🔥🔥 🔥🔥🔥🔥 🔥🔥🔥🔥🔥🔥🔥🔥  🔥🔥🔥🔥🔥🔥🔥🔥 🔥🔥🔥🔥🔥🔥🔥🔥     🔥🔥🔥     🔥🔥🔥🔥🔥🔥  🔥🔥🔥🔥🔥🔥🔥🔥
     🔥🔥        🔥🔥  🔥🔥     🔥🔥 🔥🔥       🔥🔥     🔥🔥  🔥🔥   🔥🔥  🔥🔥       🔥🔥
     🔥🔥🔥🔥🔥🔥    🔥🔥  🔥🔥🔥🔥🔥🔥🔥🔥  🔥🔥🔥🔥🔥🔥   🔥🔥🔥🔥🔥🔥🔥🔥  🔥🔥🔥🔥🔥🔥🔥🔥🔥  🔥🔥🔥🔥🔥🔥  🔥🔥🔥🔥🔥🔥
     🔥🔥        🔥🔥  🔥🔥    🔥🔥  🔥🔥       🔥🔥     🔥🔥 🔥🔥     🔥🔥       🔥🔥 🔥🔥
     🔥🔥       🔥🔥🔥🔥 🔥🔥     🔥🔥 🔥🔥🔥🔥🔥🔥🔥🔥 🔥🔥🔥🔥🔥🔥🔥🔥  🔥🔥     🔥🔥  🔥🔥🔥🔥🔥🔥  🔥🔥🔥🔥🔥🔥🔥🔥

You're about to initialize a Firebase project in this directory:

  /Users/ao/Documents/Dev Lab/ShoeStore-Pwa

[info] 
=== Project Setup
[info] 
[info] First, let's associate this project directory with a Firebase project.
[info] You can create multiple project aliases by running firebase use --add, 
[info] but for now we'll just set up a default project.
[info] 
[debug] [2018-09-19T09:31:35.788Z] >>> HTTP REQUEST GET https://admin.firebase.com/v1/projects  
 
[debug] [2018-09-19T09:31:37.376Z] <<< HTTP RESPONSE 200
[info] 
=== Hosting Setup
[info] 
[info] Your public directory is the folder (relative to your project directory) that
[info] will contain Hosting assets to be uploaded with firebase deploy. If you
[info] have a build process for your assets, use your build's output directory.
[info] 
[debug] [2018-09-19T09:31:50.769Z] >>> HTTP REQUEST GET https://www.gstatic.com/firebasejs/releases.json  
 
[debug] [2018-09-19T09:31:51.032Z] <<< HTTP RESPONSE 200
[debug] [2018-09-19T09:31:51.034Z] Error: EACCES: permission denied, open '/Users/ao/Documents/Dev Lab/ShoeStore-Pwa/dist/index.html'
    at Object.fs.openSync (fs.js:646:18)
    at Object.fs.writeFileSync (fs.js:1299:33)
    at Object.createFileSync (/usr/local/lib/node_modules/firebase-tools/node_modules/fs-extra/lib/ensure/file.js:34:6)
    at Config.writeProjectFile (/usr/local/lib/node_modules/firebase-tools/lib/config.js:194:6)
    at /usr/local/lib/node_modules/firebase-tools/lib/config.js:214:12
    at <anonymous>
    at process._tickDomainCallback (internal/process/next_tick.js:228:7)
[error] 
[error] Error: An unexpected error has occurred.
[debug] [2018-09-19T09:34:00.102Z] ----------------------------------------------------------------------
[debug] [2018-09-19T09:34:00.104Z] Command:       /usr/local/bin/node /usr/local/bin/firebase init
[debug] [2018-09-19T09:34:00.104Z] CLI Version:   4.2.1
[debug] [2018-09-19T09:34:00.104Z] Platform:      darwin
[debug] [2018-09-19T09:34:00.104Z] Node Version:  v8.11.4
[debug] [2018-09-19T09:34:00.105Z] Time:          Wed Sep 19 2018 15:04:00 GMT+0530 (IST)
[debug] [2018-09-19T09:34:00.105Z] ----------------------------------------------------------------------
[debug] 
[debug] [2018-09-19T09:34:00.111Z] > command requires scopes: ["email","openid","https://www.googleapis.com/auth/cloudplatformprojects.readonly","https://www.googleapis.com/auth/firebase"]
[debug] [2018-09-19T09:34:00.111Z] > authorizing via signed-in user
[info] 
     🔥🔥🔥🔥🔥🔥🔥🔥 🔥🔥🔥🔥 🔥🔥🔥🔥🔥🔥🔥🔥  🔥🔥🔥🔥🔥🔥🔥🔥 🔥🔥🔥🔥🔥🔥🔥🔥     🔥🔥🔥     🔥🔥🔥🔥🔥🔥  🔥🔥🔥🔥🔥🔥🔥🔥
     🔥🔥        🔥🔥  🔥🔥     🔥🔥 🔥🔥       🔥🔥     🔥🔥  🔥🔥   🔥🔥  🔥🔥       🔥🔥
     🔥🔥🔥🔥🔥🔥    🔥🔥  🔥🔥🔥🔥🔥🔥🔥🔥  🔥🔥🔥🔥🔥🔥   🔥🔥🔥🔥🔥🔥🔥🔥  🔥🔥🔥🔥🔥🔥🔥🔥🔥  🔥🔥🔥🔥🔥🔥  🔥🔥🔥🔥🔥🔥
     🔥🔥        🔥🔥  🔥🔥    🔥🔥  🔥🔥       🔥🔥     🔥🔥 🔥🔥     🔥🔥       🔥🔥 🔥🔥
     🔥🔥       🔥🔥🔥🔥 🔥🔥     🔥🔥 🔥🔥🔥🔥🔥🔥🔥🔥 🔥🔥🔥🔥🔥🔥🔥🔥  🔥🔥     🔥🔥  🔥🔥🔥🔥🔥🔥  🔥🔥🔥🔥🔥🔥🔥🔥

You're about to initialize a Firebase project in this directory:

  /Users/ao/Documents/Dev Lab/ShoeStore-Pwa

[info] 
=== Project Setup
[info] 
[info] First, let's associate this project directory with a Firebase project.
[info] You can create multiple project aliases by running firebase use --add, 
[info] but for now we'll just set up a default project.
[info] 
[debug] [2018-09-19T09:34:05.258Z] >>> HTTP REQUEST GET https://admin.firebase.com/v1/projects  
 
[debug] [2018-09-19T09:34:06.704Z] <<< HTTP RESPONSE 200
[info] 
=== Hosting Setup
[info] 
[info] Your public directory is the folder (relative to your project directory) that
[info] will contain Hosting assets to be uploaded with firebase deploy. If you
[info] have a build process for your assets, use your build's output directory.
[info] 
[debug] [2018-09-19T09:34:48.062Z] Error: EACCES: permission denied, open '/Users/ao/Documents/Dev Lab/ShoeStore-Pwa/dist/ShoeStore-Pwa/404.html'
    at Object.fs.openSync (fs.js:646:18)
    at Object.fs.writeFileSync (fs.js:1299:33)
    at Object.createFileSync (/usr/local/lib/node_modules/firebase-tools/node_modules/fs-extra/lib/ensure/file.js:34:6)
    at Config.writeProjectFile (/usr/local/lib/node_modules/firebase-tools/lib/config.js:194:6)
    at /usr/local/lib/node_modules/firebase-tools/lib/config.js:214:12
    at <anonymous>
    at process._tickDomainCallback (internal/process/next_tick.js:228:7)
[error] 
[error] Error: An unexpected error has occurred.
